[20-Apr-2020 11:06:06 America/New_York] PHP Deprecated:  Directive 'track_errors' is deprecated in Unknown on line 0
[20-Apr-2020 11:06:28 America/New_York] PHP Deprecated:  Directive 'track_errors' is deprecated in Unknown on line 0
[20-Apr-2020 11:34:25 America/New_York] PHP Deprecated:  Directive 'track_errors' is deprecated in Unknown on line 0
[20-Apr-2020 11:34:25 America/New_York] PHP Fatal error:  Trait 'testingTraits\MockArrayAccessTrait' not found in D:\www\testing_traits\tests\MockArrayAccessTraitTest.php on line 17
[20-Apr-2020 11:34:25 America/New_York] PHP Stack trace:
[20-Apr-2020 11:34:25 America/New_York] PHP   1. {main}() D:\www\testing_traits\vendor\phpunit\phpunit\phpunit:0
[20-Apr-2020 11:34:25 America/New_York] PHP   2. PHPUnit\TextUI\Command::main() D:\www\testing_traits\vendor\phpunit\phpunit\phpunit:61
[20-Apr-2020 11:34:25 America/New_York] PHP   3. PHPUnit\TextUI\Command->run() D:\www\testing_traits\vendor\phpunit\phpunit\src\TextUI\Command.php:159
[20-Apr-2020 11:34:25 America/New_York] PHP   4. PHPUnit\TextUI\TestRunner->getTest() D:\www\testing_traits\vendor\phpunit\phpunit\src\TextUI\Command.php:177
[20-Apr-2020 11:34:25 America/New_York] PHP   5. PHPUnit\Framework\TestSuite->addTestFiles() D:\www\testing_traits\vendor\phpunit\phpunit\src\Runner\BaseTestRunner.php:94
[20-Apr-2020 11:34:25 America/New_York] PHP   6. PHPUnit\Framework\TestSuite->addTestFile() D:\www\testing_traits\vendor\phpunit\phpunit\src\Framework\TestSuite.php:452
[20-Apr-2020 11:34:25 America/New_York] PHP   7. PHPUnit\Util\FileLoader::checkAndLoad() D:\www\testing_traits\vendor\phpunit\phpunit\src\Framework\TestSuite.php:354
[20-Apr-2020 11:34:25 America/New_York] PHP   8. PHPUnit\Util\FileLoader::load() D:\www\testing_traits\vendor\phpunit\phpunit\src\Util\FileLoader.php:47
[20-Apr-2020 11:34:25 America/New_York] PHP   9. include_once() D:\www\testing_traits\vendor\phpunit\phpunit\src\Util\FileLoader.php:59
[20-Apr-2020 11:36:13 America/New_York] PHP Deprecated:  Directive 'track_errors' is deprecated in Unknown on line 0
[20-Apr-2020 11:36:13 America/New_York] PHP Fatal error:  Trait 'testingTraits\MockArrayAccessTrait' not found in D:\www\testing_traits\tests\MockArrayAccessTraitTest.php on line 17
[20-Apr-2020 11:36:13 America/New_York] PHP Stack trace:
[20-Apr-2020 11:36:13 America/New_York] PHP   1. {main}() D:\www\testing_traits\vendor\phpunit\phpunit\phpunit:0
[20-Apr-2020 11:36:13 America/New_York] PHP   2. PHPUnit\TextUI\Command::main() D:\www\testing_traits\vendor\phpunit\phpunit\phpunit:61
[20-Apr-2020 11:36:13 America/New_York] PHP   3. PHPUnit\TextUI\Command->run() D:\www\testing_traits\vendor\phpunit\phpunit\src\TextUI\Command.php:159
[20-Apr-2020 11:36:13 America/New_York] PHP   4. PHPUnit\TextUI\TestRunner->getTest() D:\www\testing_traits\vendor\phpunit\phpunit\src\TextUI\Command.php:177
[20-Apr-2020 11:36:13 America/New_York] PHP   5. PHPUnit\Framework\TestSuite->addTestFiles() D:\www\testing_traits\vendor\phpunit\phpunit\src\Runner\BaseTestRunner.php:94
[20-Apr-2020 11:36:13 America/New_York] PHP   6. PHPUnit\Framework\TestSuite->addTestFile() D:\www\testing_traits\vendor\phpunit\phpunit\src\Framework\TestSuite.php:452
[20-Apr-2020 11:36:13 America/New_York] PHP   7. PHPUnit\Util\FileLoader::checkAndLoad() D:\www\testing_traits\vendor\phpunit\phpunit\src\Framework\TestSuite.php:354
[20-Apr-2020 11:36:13 America/New_York] PHP   8. PHPUnit\Util\FileLoader::load() D:\www\testing_traits\vendor\phpunit\phpunit\src\Util\FileLoader.php:47
[20-Apr-2020 11:36:13 America/New_York] PHP   9. include_once() D:\www\testing_traits\vendor\phpunit\phpunit\src\Util\FileLoader.php:59
[20-Apr-2020 11:36:39 America/New_York] PHP Deprecated:  Directive 'track_errors' is deprecated in Unknown on line 0
[20-Apr-2020 11:36:39 America/New_York] PHP Fatal error:  Trait 'testingTraits\MockArrayAccessTrait' not found in D:\www\testing_traits\tests\MockArrayAccessTraitTest.php on line 17
[20-Apr-2020 11:36:39 America/New_York] PHP Stack trace:
[20-Apr-2020 11:36:39 America/New_York] PHP   1. {main}() D:\www\testing_traits\vendor\phpunit\phpunit\phpunit:0
[20-Apr-2020 11:36:39 America/New_York] PHP   2. PHPUnit\TextUI\Command::main() D:\www\testing_traits\vendor\phpunit\phpunit\phpunit:61
[20-Apr-2020 11:36:39 America/New_York] PHP   3. PHPUnit\TextUI\Command->run() D:\www\testing_traits\vendor\phpunit\phpunit\src\TextUI\Command.php:159
[20-Apr-2020 11:36:39 America/New_York] PHP   4. PHPUnit\TextUI\TestRunner->getTest() D:\www\testing_traits\vendor\phpunit\phpunit\src\TextUI\Command.php:177
[20-Apr-2020 11:36:39 America/New_York] PHP   5. PHPUnit\Framework\TestSuite->addTestFiles() D:\www\testing_traits\vendor\phpunit\phpunit\src\Runner\BaseTestRunner.php:94
[20-Apr-2020 11:36:39 America/New_York] PHP   6. PHPUnit\Framework\TestSuite->addTestFile() D:\www\testing_traits\vendor\phpunit\phpunit\src\Framework\TestSuite.php:452
[20-Apr-2020 11:36:39 America/New_York] PHP   7. PHPUnit\Util\FileLoader::checkAndLoad() D:\www\testing_traits\vendor\phpunit\phpunit\src\Framework\TestSuite.php:354
[20-Apr-2020 11:36:39 America/New_York] PHP   8. PHPUnit\Util\FileLoader::load() D:\www\testing_traits\vendor\phpunit\phpunit\src\Util\FileLoader.php:47
[20-Apr-2020 11:36:39 America/New_York] PHP   9. include_once() D:\www\testing_traits\vendor\phpunit\phpunit\src\Util\FileLoader.php:59
[20-Apr-2020 11:38:28 America/New_York] PHP Deprecated:  Directive 'track_errors' is deprecated in Unknown on line 0
[20-Apr-2020 11:38:28 America/New_York] PHP Fatal error:  Trait 'testingTraits\MockArrayAccessTrait' not found in D:\www\testing_traits\tests\MockArrayAccessTraitTest.php on line 17
[20-Apr-2020 11:38:28 America/New_York] PHP Stack trace:
[20-Apr-2020 11:38:28 America/New_York] PHP   1. {main}() D:\www\testing_traits\vendor\phpunit\phpunit\phpunit:0
[20-Apr-2020 11:38:28 America/New_York] PHP   2. PHPUnit\TextUI\Command::main() D:\www\testing_traits\vendor\phpunit\phpunit\phpunit:61
[20-Apr-2020 11:38:28 America/New_York] PHP   3. PHPUnit\TextUI\Command->run() D:\www\testing_traits\vendor\phpunit\phpunit\src\TextUI\Command.php:159
[20-Apr-2020 11:38:28 America/New_York] PHP   4. PHPUnit\TextUI\TestRunner->getTest() D:\www\testing_traits\vendor\phpunit\phpunit\src\TextUI\Command.php:177
[20-Apr-2020 11:38:28 America/New_York] PHP   5. PHPUnit\Framework\TestSuite->addTestFiles() D:\www\testing_traits\vendor\phpunit\phpunit\src\Runner\BaseTestRunner.php:94
[20-Apr-2020 11:38:28 America/New_York] PHP   6. PHPUnit\Framework\TestSuite->addTestFile() D:\www\testing_traits\vendor\phpunit\phpunit\src\Framework\TestSuite.php:452
[20-Apr-2020 11:38:28 America/New_York] PHP   7. PHPUnit\Util\FileLoader::checkAndLoad() D:\www\testing_traits\vendor\phpunit\phpunit\src\Framework\TestSuite.php:354
[20-Apr-2020 11:38:28 America/New_York] PHP   8. PHPUnit\Util\FileLoader::load() D:\www\testing_traits\vendor\phpunit\phpunit\src\Util\FileLoader.php:47
[20-Apr-2020 11:38:28 America/New_York] PHP   9. include_once() D:\www\testing_traits\vendor\phpunit\phpunit\src\Util\FileLoader.php:59
[20-Apr-2020 11:40:53 America/New_York] PHP Deprecated:  Directive 'track_errors' is deprecated in Unknown on line 0
[20-Apr-2020 11:40:53 America/New_York] PHP Fatal error:  Trait 'testingTraits\MockArrayAccessTrait' not found in D:\www\testing_traits\tests\MockArrayAccessTraitTest.php on line 17
[20-Apr-2020 11:40:53 America/New_York] PHP Stack trace:
[20-Apr-2020 11:40:53 America/New_York] PHP   1. {main}() D:\www\testing_traits\vendor\phpunit\phpunit\phpunit:0
[20-Apr-2020 11:40:53 America/New_York] PHP   2. PHPUnit\TextUI\Command::main() D:\www\testing_traits\vendor\phpunit\phpunit\phpunit:61
[20-Apr-2020 11:40:53 America/New_York] PHP   3. PHPUnit\TextUI\Command->run() D:\www\testing_traits\vendor\phpunit\phpunit\src\TextUI\Command.php:159
[20-Apr-2020 11:40:53 America/New_York] PHP   4. PHPUnit\TextUI\TestRunner->getTest() D:\www\testing_traits\vendor\phpunit\phpunit\src\TextUI\Command.php:177
[20-Apr-2020 11:40:53 America/New_York] PHP   5. PHPUnit\Framework\TestSuite->addTestFiles() D:\www\testing_traits\vendor\phpunit\phpunit\src\Runner\BaseTestRunner.php:94
[20-Apr-2020 11:40:53 America/New_York] PHP   6. PHPUnit\Framework\TestSuite->addTestFile() D:\www\testing_traits\vendor\phpunit\phpunit\src\Framework\TestSuite.php:452
[20-Apr-2020 11:40:53 America/New_York] PHP   7. PHPUnit\Util\FileLoader::checkAndLoad() D:\www\testing_traits\vendor\phpunit\phpunit\src\Framework\TestSuite.php:354
[20-Apr-2020 11:40:53 America/New_York] PHP   8. PHPUnit\Util\FileLoader::load() D:\www\testing_traits\vendor\phpunit\phpunit\src\Util\FileLoader.php:47
[20-Apr-2020 11:40:53 America/New_York] PHP   9. include_once() D:\www\testing_traits\vendor\phpunit\phpunit\src\Util\FileLoader.php:59
[20-Apr-2020 11:43:38 America/New_York] PHP Deprecated:  Directive 'track_errors' is deprecated in Unknown on line 0
[20-Apr-2020 11:43:38 America/New_York] PHP Fatal error:  Trait 'testingTraits\MockArrayAccessTrait' not found in D:\www\testing_traits\tests\MockArrayAccessTraitTest.php on line 17
[20-Apr-2020 11:43:38 America/New_York] PHP Stack trace:
[20-Apr-2020 11:43:38 America/New_York] PHP   1. {main}() D:\www\testing_traits\vendor\phpunit\phpunit\phpunit:0
[20-Apr-2020 11:43:38 America/New_York] PHP   2. PHPUnit\TextUI\Command::main() D:\www\testing_traits\vendor\phpunit\phpunit\phpunit:61
[20-Apr-2020 11:43:38 America/New_York] PHP   3. PHPUnit\TextUI\Command->run() D:\www\testing_traits\vendor\phpunit\phpunit\src\TextUI\Command.php:159
[20-Apr-2020 11:43:38 America/New_York] PHP   4. PHPUnit\TextUI\TestRunner->getTest() D:\www\testing_traits\vendor\phpunit\phpunit\src\TextUI\Command.php:177
[20-Apr-2020 11:43:38 America/New_York] PHP   5. PHPUnit\Framework\TestSuite->addTestFiles() D:\www\testing_traits\vendor\phpunit\phpunit\src\Runner\BaseTestRunner.php:94
[20-Apr-2020 11:43:38 America/New_York] PHP   6. PHPUnit\Framework\TestSuite->addTestFile() D:\www\testing_traits\vendor\phpunit\phpunit\src\Framework\TestSuite.php:452
[20-Apr-2020 11:43:38 America/New_York] PHP   7. PHPUnit\Util\FileLoader::checkAndLoad() D:\www\testing_traits\vendor\phpunit\phpunit\src\Framework\TestSuite.php:354
[20-Apr-2020 11:43:38 America/New_York] PHP   8. PHPUnit\Util\FileLoader::load() D:\www\testing_traits\vendor\phpunit\phpunit\src\Util\FileLoader.php:47
[20-Apr-2020 11:43:38 America/New_York] PHP   9. include_once() D:\www\testing_traits\vendor\phpunit\phpunit\src\Util\FileLoader.php:59
[20-Apr-2020 11:51:43 America/New_York] PHP Deprecated:  Directive 'track_errors' is deprecated in Unknown on line 0
[20-Apr-2020 11:53:02 America/New_York] PHP Deprecated:  Directive 'track_errors' is deprecated in Unknown on line 0
[20-Apr-2020 11:53:02 America/New_York] PHP Fatal error:  Trait 'testingTraits\MockArrayAccessTrait' not found in D:\www\testing_traits\tests\MockArrayAccessTraitTest.php on line 17
[20-Apr-2020 11:53:02 America/New_York] PHP Stack trace:
[20-Apr-2020 11:53:02 America/New_York] PHP   1. {main}() D:\www\testing_traits\vendor\phpunit\phpunit\phpunit:0
[20-Apr-2020 11:53:02 America/New_York] PHP   2. PHPUnit\TextUI\Command::main() D:\www\testing_traits\vendor\phpunit\phpunit\phpunit:61
[20-Apr-2020 11:53:02 America/New_York] PHP   3. PHPUnit\TextUI\Command->run() D:\www\testing_traits\vendor\phpunit\phpunit\src\TextUI\Command.php:159
[20-Apr-2020 11:53:02 America/New_York] PHP   4. PHPUnit\TextUI\TestRunner->getTest() D:\www\testing_traits\vendor\phpunit\phpunit\src\TextUI\Command.php:177
[20-Apr-2020 11:53:02 America/New_York] PHP   5. PHPUnit\Framework\TestSuite->addTestFiles() D:\www\testing_traits\vendor\phpunit\phpunit\src\Runner\BaseTestRunner.php:94
[20-Apr-2020 11:53:02 America/New_York] PHP   6. PHPUnit\Framework\TestSuite->addTestFile() D:\www\testing_traits\vendor\phpunit\phpunit\src\Framework\TestSuite.php:452
[20-Apr-2020 11:53:02 America/New_York] PHP   7. PHPUnit\Util\FileLoader::checkAndLoad() D:\www\testing_traits\vendor\phpunit\phpunit\src\Framework\TestSuite.php:354
[20-Apr-2020 11:53:02 America/New_York] PHP   8. PHPUnit\Util\FileLoader::load() D:\www\testing_traits\vendor\phpunit\phpunit\src\Util\FileLoader.php:47
[20-Apr-2020 11:53:02 America/New_York] PHP   9. include_once() D:\www\testing_traits\vendor\phpunit\phpunit\src\Util\FileLoader.php:59
[20-Apr-2020 11:53:24 America/New_York] PHP Deprecated:  Directive 'track_errors' is deprecated in Unknown on line 0
[20-Apr-2020 11:54:41 America/New_York] PHP Deprecated:  Directive 'track_errors' is deprecated in Unknown on line 0
[20-Apr-2020 11:54:55 America/New_York] PHP Deprecated:  Directive 'track_errors' is deprecated in Unknown on line 0
[20-Apr-2020 11:54:55 America/New_York] PHP Deprecated:  Directive 'track_errors' is deprecated in Unknown on line 0
[20-Apr-2020 11:54:55 America/New_York] PHP Fatal error:  Uncaught Error: Class 'PHPUnit_TextUI_ResultPrinter' not found in C:\Users\dougw\AppData\Local\Temp\ide-phpunit.php:231
Stack trace:
#0 {main}
  thrown in C:\Users\dougw\AppData\Local\Temp\ide-phpunit.php on line 231
[20-Apr-2020 11:56:21 America/New_York] PHP Deprecated:  Directive 'track_errors' is deprecated in Unknown on line 0
[20-Apr-2020 11:56:22 America/New_York] PHP Deprecated:  Directive 'track_errors' is deprecated in Unknown on line 0
[20-Apr-2020 11:56:22 America/New_York] PHP Fatal error:  Uncaught Error: Class 'PHPUnit_TextUI_ResultPrinter' not found in C:\Users\dougw\AppData\Local\Temp\ide-phpunit.php:231
Stack trace:
#0 {main}
  thrown in C:\Users\dougw\AppData\Local\Temp\ide-phpunit.php on line 231
[20-Apr-2020 11:58:20 America/New_York] PHP Deprecated:  Directive 'track_errors' is deprecated in Unknown on line 0
[20-Apr-2020 11:59:41 America/New_York] PHP Deprecated:  Directive 'track_errors' is deprecated in Unknown on line 0
[20-Apr-2020 11:59:42 America/New_York] PHP Deprecated:  Directive 'track_errors' is deprecated in Unknown on line 0
[20-Apr-2020 11:59:42 America/New_York] PHP Fatal error:  Uncaught Error: Class 'PHPUnit_TextUI_ResultPrinter' not found in C:\Users\dougw\AppData\Local\Temp\ide-phpunit.php:231
Stack trace:
#0 {main}
  thrown in C:\Users\dougw\AppData\Local\Temp\ide-phpunit.php on line 231
[20-Apr-2020 12:04:33 America/New_York] PHP Deprecated:  Directive 'track_errors' is deprecated in Unknown on line 0
[20-Apr-2020 12:07:07 America/New_York] PHP Deprecated:  Directive 'track_errors' is deprecated in Unknown on line 0
[20-Apr-2020 12:07:07 America/New_York] PHP Deprecated:  Directive 'track_errors' is deprecated in Unknown on line 0
[20-Apr-2020 12:07:07 America/New_York] PHP Fatal error:  Uncaught Error: Class 'PHPUnit_TextUI_ResultPrinter' not found in C:\Users\dougw\AppData\Local\Temp\ide-phpunit.php:231
Stack trace:
#0 {main}
  thrown in C:\Users\dougw\AppData\Local\Temp\ide-phpunit.php on line 231
[20-Apr-2020 12:07:44 America/New_York] PHP Deprecated:  Directive 'track_errors' is deprecated in Unknown on line 0
[20-Apr-2020 12:10:21 America/New_York] PHP Deprecated:  Directive 'track_errors' is deprecated in Unknown on line 0
[20-Apr-2020 12:10:26 America/New_York] PHP Deprecated:  Directive 'track_errors' is deprecated in Unknown on line 0
[20-Apr-2020 12:10:33 America/New_York] PHP Deprecated:  Directive 'track_errors' is deprecated in Unknown on line 0
[20-Apr-2020 12:12:07 America/New_York] PHP Deprecated:  Directive 'track_errors' is deprecated in Unknown on line 0
[20-Apr-2020 12:12:09 America/New_York] PHP Deprecated:  Directive 'track_errors' is deprecated in Unknown on line 0
[20-Apr-2020 12:12:22 America/New_York] PHP Deprecated:  Directive 'track_errors' is deprecated in Unknown on line 0
